Performing C SOURCE FILE Test CMAKE_HAVE_LIBC_PTHREAD failed with the following output:
Change Dir: /home/kruseborn/git/mongoose/cmake-build-debug/CMakeFiles/CMakeTmp

Run Build Command(s):/usr/bin/make cmTC_c553c/fast && /usr/bin/make -f CMakeFiles/cmTC_c553c.dir/build.make CMakeFiles/cmTC_c553c.dir/build
make[1]: Entering directory '/home/kruseborn/git/mongoose/cmake-build-debug/CMakeFiles/CMakeTmp'
Building C object CMakeFiles/cmTC_c553c.dir/src.c.o
/usr/bin/clang   -DCMAKE_HAVE_LIBC_PTHREAD   -o CMakeFiles/cmTC_c553c.dir/src.c.o   -c /home/kruseborn/git/mongoose/cmake-build-debug/CMakeFiles/CMakeTmp/src.c
Linking C executable cmTC_c553c
/home/kruseborn/clion/clion-2019.2.4/bin/cmake/linux/bin/cmake -E cmake_link_script CMakeFiles/cmTC_c553c.dir/link.txt --verbose=1
/usr/bin/clang  -DCMAKE_HAVE_LIBC_PTHREAD    -rdynamic CMakeFiles/cmTC_c553c.dir/src.c.o  -o cmTC_c553c 
/usr/bin/ld: CMakeFiles/cmTC_c553c.dir/src.c.o: in function `main':
src.c:(.text+0x32): undefined reference to `pthread_create'
/usr/bin/ld: src.c:(.text+0x3e): undefined reference to `pthread_detach'
/usr/bin/ld: src.c:(.text+0x50): undefined reference to `pthread_join'
clang-8: error: linker command failed with exit code 1 (use -v to see invocation)
make[1]: *** [CMakeFiles/cmTC_c553c.dir/build.make:87: cmTC_c553c] Error 1
make[1]: Leaving directory '/home/kruseborn/git/mongoose/cmake-build-debug/CMakeFiles/CMakeTmp'
make: *** [Makefile:121: cmTC_c553c/fast] Error 2


Source file was:
#include <pthread.h>

void* test_func(void* data)
{
  return data;
}

int main(void)
{
  pthread_t thread;
  pthread_create(&thread, NULL, test_func, NULL);
  pthread_detach(thread);
  pthread_join(thread, NULL);
  pthread_atfork(NULL, NULL, NULL);
  pthread_exit(NULL);

  return 0;
}

Determining if the function pthread_create exists in the pthreads failed with the following output:
Change Dir: /home/kruseborn/git/mongoose/cmake-build-debug/CMakeFiles/CMakeTmp

Run Build Command(s):/usr/bin/make cmTC_4366d/fast && /usr/bin/make -f CMakeFiles/cmTC_4366d.dir/build.make CMakeFiles/cmTC_4366d.dir/build
make[1]: Entering directory '/home/kruseborn/git/mongoose/cmake-build-debug/CMakeFiles/CMakeTmp'
Building C object CMakeFiles/cmTC_4366d.dir/CheckFunctionExists.c.o
/usr/bin/clang   -DCHECK_FUNCTION_EXISTS=pthread_create   -o CMakeFiles/cmTC_4366d.dir/CheckFunctionExists.c.o   -c /home/kruseborn/clion/clion-2019.2.4/bin/cmake/linux/share/cmake-3.15/Modules/CheckFunctionExists.c
Linking C executable cmTC_4366d
/home/kruseborn/clion/clion-2019.2.4/bin/cmake/linux/bin/cmake -E cmake_link_script CMakeFiles/cmTC_4366d.dir/link.txt --verbose=1
/usr/bin/clang  -DCHECK_FUNCTION_EXISTS=pthread_create    -rdynamic CMakeFiles/cmTC_4366d.dir/CheckFunctionExists.c.o  -o cmTC_4366d -lpthreads 
/usr/bin/ld: cannot find -lpthreads
clang-8: error: linker command failed with exit code 1 (use -v to see invocation)
make[1]: *** [CMakeFiles/cmTC_4366d.dir/build.make:87: cmTC_4366d] Error 1
make[1]: Leaving directory '/home/kruseborn/git/mongoose/cmake-build-debug/CMakeFiles/CMakeTmp'
make: *** [Makefile:121: cmTC_4366d/fast] Error 2



