Determining if the pthread_create exist failed with the following output:
Change Dir: /home/kruseborn/git/mongoose/libs/imgui/CMakeFiles/CMakeTmp

Run Build Command(s):/usr/bin/ninja cmTC_28d17 
[1/2] Building C object CMakeFiles/cmTC_28d17.dir/CheckSymbolExists.c.o
[2/2] Linking C executable cmTC_28d17
FAILED: cmTC_28d17 
: && /usr/bin/cc   -rdynamic CMakeFiles/cmTC_28d17.dir/CheckSymbolExists.c.o  -o cmTC_28d17   && :
/usr/bin/ld: CMakeFiles/cmTC_28d17.dir/CheckSymbolExists.c.o: in function `main':
CheckSymbolExists.c:(.text+0x1b): undefined reference to `pthread_create'
collect2: error: ld returned 1 exit status
ninja: build stopped: subcommand failed.

File /home/kruseborn/git/mongoose/libs/imgui/CMakeFiles/CMakeTmp/CheckSymbolExists.c:
/* */
#include <pthread.h>

int main(int argc, char** argv)
{
  (void)argv;
#ifndef pthread_create
  return ((int*)(&pthread_create))[argc];
#else
  (void)argc;
  return 0;
#endif
}

Determining if the function pthread_create exists in the pthreads failed with the following output:
Change Dir: /home/kruseborn/git/mongoose/libs/imgui/CMakeFiles/CMakeTmp

Run Build Command(s):/usr/bin/ninja cmTC_b9faf 
[1/2] Building C object CMakeFiles/cmTC_b9faf.dir/CheckFunctionExists.c.o
[2/2] Linking C executable cmTC_b9faf
FAILED: cmTC_b9faf 
: && /usr/bin/cc -DCHECK_FUNCTION_EXISTS=pthread_create  -rdynamic CMakeFiles/cmTC_b9faf.dir/CheckFunctionExists.c.o  -o cmTC_b9faf  -lpthreads && :
/usr/bin/ld: cannot find -lpthreads
collect2: error: ld returned 1 exit status
ninja: build stopped: subcommand failed.


